2025-12-12 10:02:24 Loading main app package /usr/lib/obsidian/obsidian.asar
2025-12-12 10:02:24 Checking for update using Github
2025-12-12 10:02:25 Success.
2025-12-12 10:02:25 Latest version is 1.10.6
2025-12-12 10:02:25 App is up to date.
2025-12-12 23:08:33 Loading main app package /usr/lib/obsidian/obsidian.asar
2025-12-12 23:08:34 Checking for update using Github
2025-12-12 23:08:34 Success.
2025-12-12 23:08:34 Latest version is 1.10.6
2025-12-12 23:08:34 App is up to date.
2025-12-15 11:10:35 Loading main app package /usr/lib/obsidian/obsidian.asar
2025-12-15 11:10:36 Checking for update using Github
2025-12-15 11:10:36 Success.
2025-12-15 11:10:36 Latest version is 1.10.6
2025-12-15 11:10:36 App is up to date.
2025-12-15 11:47:10 Loading main app package /usr/lib/obsidian/obsidian.asar
2025-12-15 11:47:10 Checking for update using Github
2025-12-15 11:47:13 Success.
2025-12-15 11:47:13 Latest version is 1.10.6
2025-12-15 11:47:13 App is up to date.
2025-12-15 14:07:31 Checking for update using Github
2025-12-15 14:07:32 Success.
2025-12-15 14:07:32 Latest version is 1.10.6
2025-12-15 14:07:32 App is up to date.
2025-12-15 15:07:31 Checking for update using Github
2025-12-15 15:09:46 Failed to check for update using Github (net::ERR_CONNECTION_TIMED_OUT)
2025-12-15 15:09:46 Checking for update using obsidian.md
2025-12-15 15:09:47 Failed to check for update using obsidian.md (Unexpected end of JSON input)
2025-12-16 22:33:54 Loading main app package /usr/lib/obsidian/obsidian.asar
2025-12-16 22:33:54 Checking for update using Github
2025-12-17 01:01:10 Checking for update using Github
2025-12-17 01:01:11 Success.
2025-12-17 01:01:11 Latest version is 1.10.6
2025-12-17 01:01:11 App is up to date.
2025-12-17 05:36:37 Checking for update using Github
2025-12-17 05:36:38 Success.
2025-12-17 05:36:38 Latest version is 1.10.6
2025-12-17 05:36:38 App is up to date.
2025-12-17 06:36:37 Checking for update using Github
2025-12-17 06:36:38 Success.
2025-12-17 06:36:38 Latest version is 1.10.6
2025-12-17 06:36:38 App is up to date.
2025-12-17 07:36:37 Checking for update using Github
2025-12-17 07:36:38 Success.
2025-12-17 07:36:38 Latest version is 1.10.6
2025-12-17 07:36:38 App is up to date.
2025-12-17 10:18:50 Loading main app package /usr/lib/obsidian/obsidian.asar
2025-12-17 10:18:51 Checking for update using Github
2025-12-17 10:18:51 Success.
2025-12-17 10:18:51 Latest version is 1.10.6
2025-12-17 10:18:51 App is up to date.
2025-12-17 10:40:44 Loading main app package /usr/lib/obsidian/obsidian.asar
2025-12-17 10:40:44 Checking for update using Github
2025-12-17 10:40:45 Success.
2025-12-17 10:40:45 Latest version is 1.10.6
2025-12-17 10:40:45 App is up to date.
2025-12-17 22:19:28 Loading main app package /usr/lib/obsidian/obsidian.asar
2025-12-17 22:19:28 Checking for update using Github
2025-12-17 22:19:29 Success.
2025-12-17 22:19:29 Latest version is 1.10.6
2025-12-17 22:19:29 App is up to date.
2025-12-18 08:58:15 Checking for update using Github
2025-12-18 08:58:21 Success.
2025-12-18 08:58:21 Latest version is 1.10.6
2025-12-18 08:58:21 App is up to date.
2025-12-18 09:58:15 Checking for update using Github
2025-12-18 09:58:21 Success.
2025-12-18 09:58:21 Latest version is 1.10.6
2025-12-18 09:58:21 App is up to date.
2025-12-19 13:29:44 Checking for update using Github
2025-12-19 13:29:45 Success.
2025-12-19 13:29:45 Latest version is 1.10.6
2025-12-19 13:29:45 App is up to date.
2025-12-19 23:16:10 Checking for update using Github
2025-12-19 23:16:11 Success.
2025-12-19 23:16:11 Latest version is 1.10.6
2025-12-19 23:16:11 App is up to date.
2025-12-20 15:58:18 Checking for update using Github
2025-12-20 15:58:18 Failed to check for update using Github (net::ERR_NAME_NOT_RESOLVED)
2025-12-20 15:58:18 Checking for update using obsidian.md
2025-12-20 15:58:18 Failed to check for update using obsidian.md (net::ERR_NAME_NOT_RESOLVED)
2025-12-21 00:45:17 Checking for update using Github
2025-12-21 00:45:17 Failed to check for update using Github (net::ERR_NAME_NOT_RESOLVED)
2025-12-21 00:45:17 Checking for update using obsidian.md
2025-12-21 00:45:17 Failed to check for update using obsidian.md (net::ERR_NAME_NOT_RESOLVED)
2025-12-21 01:45:17 Checking for update using Github
2025-12-21 01:45:18 Success.
2025-12-21 01:45:18 Latest version is 1.10.6
2025-12-21 01:45:18 App is up to date.
2025-12-21 02:45:17 Checking for update using Github
2025-12-21 02:45:17 Success.
2025-12-21 02:45:17 Latest version is 1.10.6
2025-12-21 02:45:17 App is up to date.
2025-12-21 17:31:59 Loading main app package /usr/lib/obsidian/obsidian.asar
2025-12-21 17:31:59 Checking for update using Github
2025-12-21 17:32:00 Success.
2025-12-21 17:32:00 Latest version is 1.10.6
2025-12-21 17:32:00 App is up to date.
2025-12-21 17:51:01 Loading main app package /usr/lib/obsidian/obsidian.asar
2025-12-21 17:51:02 Checking for update using Github
2025-12-21 17:51:02 Success.
2025-12-21 17:51:02 Latest version is 1.10.6
2025-12-21 17:51:02 App is up to date.
2025-12-22 05:09:32 Checking for update using Github
2025-12-22 05:09:32 Success.
2025-12-22 05:09:32 Latest version is 1.10.6
2025-12-22 05:09:32 App is up to date.
2025-12-22 14:31:14 Checking for update using Github
2025-12-22 14:31:15 Success.
2025-12-22 14:31:15 Latest version is 1.10.6
2025-12-22 14:31:15 App is up to date.
2025-12-23 01:17:28 Checking for update using Github
2025-12-23 01:17:29 Success.
2025-12-23 01:17:29 Latest version is 1.10.6
2025-12-23 01:17:29 App is up to date.
2025-12-23 02:49:22 Checking for update using Github
2025-12-23 02:49:22 Success.
2025-12-23 02:49:22 Latest version is 1.10.6
2025-12-23 02:49:22 App is up to date.
2025-12-23 03:51:19 Checking for update using Github
2025-12-23 03:51:19 Success.
2025-12-23 03:51:19 Latest version is 1.10.6
2025-12-23 03:51:19 App is up to date.
2025-12-23 04:51:19 Checking for update using Github
2025-12-23 04:51:20 Success.
2025-12-23 04:51:20 Latest version is 1.10.6
2025-12-23 04:51:20 App is up to date.
2025-12-23 06:46:52 Checking for update using Github
2025-12-23 06:46:52 Success.
2025-12-23 06:46:52 Latest version is 1.10.6
2025-12-23 06:46:52 App is up to date.
2025-12-23 07:52:58 Checking for update using Github
2025-12-23 07:52:58 Success.
2025-12-23 07:52:58 Latest version is 1.10.6
2025-12-23 07:52:58 App is up to date.
2025-12-23 08:52:58 Checking for update using Github
2025-12-23 08:52:58 Success.
2025-12-23 08:52:58 Latest version is 1.10.6
2025-12-23 08:52:58 App is up to date.
2025-12-23 14:49:40 Loading main app package /usr/lib/obsidian/obsidian.asar
2025-12-23 14:49:40 Checking for update using Github
2025-12-23 14:49:41 Success.
2025-12-23 14:49:41 Latest version is 1.10.6
2025-12-23 14:49:41 App is up to date.
2025-12-24 00:16:20 Loading main app package /usr/lib/obsidian/obsidian.asar
2025-12-24 00:16:20 Checking for update using Github
2025-12-24 00:16:21 Success.
2025-12-24 00:16:21 Latest version is 1.10.6
2025-12-24 00:16:21 App is up to date.
2025-12-24 01:05:58 Loading main app package /usr/lib/obsidian/obsidian.asar
2025-12-24 01:05:58 Checking for update using Github
2025-12-24 01:05:58 Success.
2025-12-24 01:05:58 Latest version is 1.10.6
2025-12-24 01:05:58 App is up to date.
2025-12-24 02:07:05 Loading main app package /usr/lib/obsidian/obsidian.asar
2025-12-24 02:07:05 Checking for update using Github
2025-12-24 02:07:06 Success.
2025-12-24 02:07:06 Latest version is 1.10.6
2025-12-24 02:07:06 App is up to date.
2025-12-24 06:56:26 Checking for update using Github
2025-12-24 06:56:27 Success.
2025-12-24 06:56:27 Latest version is 1.10.6
2025-12-24 06:56:27 App is up to date.
2025-12-24 07:56:26 Checking for update using Github
2025-12-24 07:56:27 Success.
2025-12-24 07:56:27 Latest version is 1.10.6
2025-12-24 07:56:27 App is up to date.
2025-12-24 08:56:26 Checking for update using Github
2025-12-24 08:56:27 Success.
2025-12-24 08:56:27 Latest version is 1.10.6
2025-12-24 08:56:27 App is up to date.
2025-12-24 09:56:26 Checking for update using Github
2025-12-24 09:56:27 Success.
2025-12-24 09:56:27 Latest version is 1.10.6
2025-12-24 09:56:27 App is up to date.
2025-12-25 01:31:07 Checking for update using Github
2025-12-25 01:31:07 Success.
2025-12-25 01:31:07 Latest version is 1.10.6
2025-12-25 01:31:07 App is up to date.
2025-12-25 02:31:07 Checking for update using Github
2025-12-25 02:31:08 Success.
2025-12-25 02:31:08 Latest version is 1.10.6
2025-12-25 02:31:08 App is up to date.
2025-12-25 02:48:19 Loading main app package /usr/lib/obsidian/obsidian.asar
2025-12-25 02:48:19 Checking for update using Github
2025-12-25 02:48:19 Success.
2025-12-25 02:48:19 Latest version is 1.10.6
2025-12-25 02:48:19 App is up to date.
2025-12-25 04:25:40 Loading main app package /usr/lib/obsidian/obsidian.asar
2025-12-25 04:25:41 Checking for update using Github
2025-12-25 04:25:41 Success.
2025-12-25 04:25:41 Latest version is 1.10.6
2025-12-25 04:25:41 App is up to date.
2025-12-25 10:37:56 Checking for update using Github
2025-12-25 10:37:57 Success.
2025-12-25 10:37:57 Latest version is 1.10.6
2025-12-25 10:37:57 App is up to date.
2025-12-25 15:19:54 Checking for update using Github
2025-12-25 15:19:58 Success.
2025-12-25 15:19:58 Latest version is 1.10.6
2025-12-25 15:19:58 App is up to date.
2025-12-26 00:58:47 Checking for update using Github
2025-12-26 00:58:47 Success.
2025-12-26 00:58:47 Latest version is 1.10.6
2025-12-26 00:58:47 App is up to date.
2025-12-26 01:58:47 Checking for update using Github
2025-12-26 01:58:47 Success.
2025-12-26 01:58:47 Latest version is 1.10.6
2025-12-26 01:58:47 App is up to date.
2025-12-26 02:58:47 Checking for update using Github
2025-12-26 02:58:47 Success.
2025-12-26 02:58:47 Latest version is 1.10.6
2025-12-26 02:58:47 App is up to date.
2025-12-26 03:58:47 Checking for update using Github
2025-12-26 03:58:47 Success.
2025-12-26 03:58:47 Latest version is 1.10.6
2025-12-26 03:58:47 App is up to date.
2025-12-26 05:31:45 Checking for update using Github
2025-12-26 05:31:45 Success.
2025-12-26 05:31:45 Latest version is 1.10.6
2025-12-26 05:31:45 App is up to date.
2025-12-26 07:09:23 Checking for update using Github
2025-12-26 07:09:24 Success.
2025-12-26 07:09:24 Latest version is 1.10.6
2025-12-26 07:09:24 App is up to date.
2025-12-26 08:09:23 Checking for update using Github
2025-12-26 08:09:23 Success.
2025-12-26 08:09:23 Latest version is 1.10.6
2025-12-26 08:09:23 App is up to date.
2025-12-26 09:09:23 Checking for update using Github
2025-12-26 09:09:25 Success.
2025-12-26 09:09:25 Latest version is 1.10.6
2025-12-26 09:09:25 App is up to date.
2025-12-27 10:49:13 Loading main app package /usr/lib/obsidian/obsidian.asar
2025-12-27 10:49:13 Checking for update using Github
2025-12-27 10:49:14 Success.
2025-12-27 10:49:14 Latest version is 1.10.6
2025-12-27 10:49:14 App is up to date.
2025-12-27 13:33:59 Checking for update using Github
2025-12-27 13:33:59 Success.
2025-12-27 13:33:59 Latest version is 1.10.6
2025-12-27 13:33:59 App is up to date.
2025-12-28 00:35:18 Checking for update using Github
2025-12-28 00:35:19 Success.
2025-12-28 00:35:19 Latest version is 1.10.6
2025-12-28 00:35:19 App is up to date.
2025-12-28 04:20:18 Checking for update using Github
2025-12-28 04:20:18 Success.
2025-12-28 04:20:18 Latest version is 1.10.6
2025-12-28 04:20:18 App is up to date.
2025-12-28 07:16:43 Checking for update using Github
2025-12-28 07:16:43 Success.
2025-12-28 07:16:43 Latest version is 1.10.6
2025-12-28 07:16:43 App is up to date.
2025-12-28 11:31:55 Loading main app package /usr/lib/obsidian/obsidian.asar
2025-12-28 11:31:55 Checking for update using Github
2025-12-28 11:31:56 Success.
2025-12-28 11:31:56 Latest version is 1.10.6
2025-12-28 11:31:56 App is up to date.
2025-12-28 13:00:56 Checking for update using Github
2025-12-28 13:00:56 Success.
2025-12-28 13:00:56 Latest version is 1.10.6
2025-12-28 13:00:56 App is up to date.
2025-12-28 14:02:43 Checking for update using Github
2025-12-28 14:02:43 Success.
2025-12-28 14:02:43 Latest version is 1.10.6
2025-12-28 14:02:43 App is up to date.
2025-12-28 15:04:49 Checking for update using Github
2025-12-28 15:04:49 Success.
2025-12-28 15:04:49 Latest version is 1.10.6
2025-12-28 15:04:49 App is up to date.
2025-12-28 16:23:34 Checking for update using Github
2025-12-28 16:23:35 Success.
2025-12-28 16:23:35 Latest version is 1.10.6
2025-12-28 16:23:35 App is up to date.
2025-12-29 00:32:48 Checking for update using Github
2025-12-29 00:32:49 Success.
2025-12-29 00:32:49 Latest version is 1.10.6
2025-12-29 00:32:49 App is up to date.
2025-12-29 01:32:48 Checking for update using Github
2025-12-29 01:32:49 Success.
2025-12-29 01:32:49 Latest version is 1.10.6
2025-12-29 01:32:49 App is up to date.
2025-12-29 02:49:15 Checking for update using Github
2025-12-29 02:49:16 Success.
2025-12-29 02:49:16 Latest version is 1.10.6
2025-12-29 02:49:16 App is up to date.
2025-12-29 06:44:36 Checking for update using Github
2025-12-29 06:44:36 Success.
2025-12-29 06:44:36 Latest version is 1.10.6
2025-12-29 06:44:36 App is up to date.
2025-12-29 07:44:36 Checking for update using Github
2025-12-29 07:44:36 Success.
2025-12-29 07:44:36 Latest version is 1.10.6
2025-12-29 07:44:36 App is up to date.
2025-12-29 08:44:36 Checking for update using Github
2025-12-29 08:44:36 Success.
2025-12-29 08:44:36 Latest version is 1.10.6
2025-12-29 08:44:36 App is up to date.
2025-12-29 09:44:36 Checking for update using Github
2025-12-29 09:44:36 Success.
2025-12-29 09:44:36 Latest version is 1.10.6
2025-12-29 09:44:36 App is up to date.
2025-12-30 01:06:17 Checking for update using Github
2025-12-30 01:06:17 Success.
2025-12-30 01:06:17 Latest version is 1.10.6
2025-12-30 01:06:17 App is up to date.
2025-12-30 04:48:43 Checking for update using Github
2025-12-30 04:48:44 Success.
2025-12-30 04:48:44 Latest version is 1.10.6
2025-12-30 04:48:44 App is up to date.
2025-12-30 05:09:31 Loading main app package /usr/lib/obsidian/obsidian.asar
2025-12-30 05:09:31 Checking for update using Github
2025-12-30 05:09:32 Success.
2025-12-30 05:09:32 Latest version is 1.10.6
2025-12-30 05:09:32 App is up to date.
2025-12-30 10:15:50 Loading main app package /usr/lib/obsidian/obsidian.asar
2025-12-30 10:15:50 Checking for update using Github
2025-12-30 10:15:50 Success.
2025-12-30 10:15:50 Latest version is 1.10.6
2025-12-30 10:15:50 App is up to date.
2025-12-31 03:38:06 Checking for update using Github
2025-12-31 03:38:07 Success.
2025-12-31 03:38:07 Latest version is 1.10.6
2025-12-31 03:38:07 App is up to date.
2025-12-31 04:38:06 Checking for update using Github
2025-12-31 04:38:07 Success.
2025-12-31 04:38:07 Latest version is 1.10.6
2025-12-31 04:38:07 App is up to date.
2025-12-31 05:54:53 Checking for update using Github
2025-12-31 05:54:54 Success.
2025-12-31 05:54:54 Latest version is 1.10.6
2025-12-31 05:54:54 App is up to date.
2025-12-31 07:28:07 Checking for update using Github
2025-12-31 07:28:07 Success.
2025-12-31 07:28:07 Latest version is 1.10.6
2025-12-31 07:28:07 App is up to date.
2025-12-31 08:20:02 Loading main app package /usr/lib/obsidian/obsidian.asar
2025-12-31 08:20:03 Checking for update using Github
2025-12-31 08:20:03 Success.
2025-12-31 08:20:03 Latest version is 1.10.6
2025-12-31 08:20:03 App is up to date.
2025-12-31 15:42:59 Checking for update using Github
2025-12-31 15:42:59 Success.
2025-12-31 15:42:59 Latest version is 1.10.6
2025-12-31 15:42:59 App is up to date.
2026-01-02 04:26:20 Loading main app package /usr/lib/obsidian/obsidian.asar
2026-01-02 04:26:20 Checking for update using Github
2026-01-02 04:26:20 Success.
2026-01-02 04:26:20 Latest version is 1.10.6
2026-01-02 04:26:20 App is up to date.
2026-01-03 03:32:11 Loading main app package /usr/lib/obsidian/obsidian.asar
2026-01-03 03:32:11 Checking for update using Github
2026-01-03 03:32:31 Failed to check for update using Github (net::ERR_NAME_NOT_RESOLVED)
2026-01-03 03:32:31 Checking for update using obsidian.md
2026-01-03 03:32:31 Failed to check for update using obsidian.md (net::ERR_ADDRESS_UNREACHABLE)
2026-01-03 05:01:56 Checking for update using Github
2026-01-03 05:02:01 Failed to check for update using Github (net::ERR_CONNECTION_RESET)
2026-01-03 05:02:01 Checking for update using obsidian.md
2026-01-03 05:02:02 Failed to check for update using obsidian.md (Unexpected end of JSON input)
2026-01-03 07:19:47 Checking for update using Github
2026-01-03 07:21:21 Failed to check for update using Github (net::ERR_NETWORK_CHANGED)
2026-01-03 07:21:21 Checking for update using obsidian.md
2026-01-03 07:21:24 Failed to check for update using obsidian.md (net::ERR_NETWORK_CHANGED)
2026-01-03 17:33:28 Loading main app package /usr/lib/obsidian/obsidian.asar
2026-01-03 17:33:29 Checking for update using Github
2026-01-03 17:33:29 Success.
2026-01-03 17:33:29 Latest version is 1.10.6
2026-01-03 17:33:29 App is up to date.
2026-01-04 18:58:06 Loading main app package /usr/lib/obsidian/obsidian.asar
2026-01-04 18:58:06 Checking for update using Github
2026-01-04 18:58:06 Success.
2026-01-04 18:58:06 Latest version is 1.10.6
2026-01-04 18:58:06 App is up to date.
2026-01-04 18:58:37 Loading main app package /usr/lib/obsidian/obsidian.asar
2026-01-04 18:58:37 Checking for update using Github
2026-01-04 18:58:37 Success.
2026-01-04 18:58:37 Latest version is 1.10.6
2026-01-04 18:58:37 App is up to date.
